<?xml version="1.0" encoding="UTF-8"?>
<!-- Generated by org.testng.reporters.JUnitReportReporter -->
<testsuite hostname="DESKTOP-JEM0K0J" failures="0" tests="2" name="com.mphasis.selenium1.SeleniumDemo1.Dependsontest" time="0.017" errors="0" timestamp="2022-03-07T15:58:52 IST" skipped="0">
  <testcase classname="com.mphasis.selenium1.SeleniumDemo1.Dependsontest" name="openBrowser" time="0.014"/>
  <system-out/>
  <testcase classname="com.mphasis.selenium1.SeleniumDemo1.Dependsontest" name="signIn" time="0.003"/>
  <system-out/>
</testsuite> <!-- com.mphasis.selenium1.SeleniumDemo1.Dependsontest -->
