<?xml version="1.0" encoding="UTF-8"?>
<!-- Generated by org.testng.reporters.JUnitReportReporter -->
<testsuite hostname="DESKTOP-JEM0K0J" failures="0" tests="1" name="com.mphasis.selenium1.SeleniumDemo1.TestAdvanceuserInteractionClick" time="23.319" errors="0" timestamp="2022-03-05T23:37:41 IST" skipped="0">
  <testcase classname="com.mphasis.selenium1.SeleniumDemo1.TestAdvanceuserInteractionClick" name="shouldColorAfterHoverBeAsExpected" time="23.319"/>
  <system-out/>
</testsuite> <!-- com.mphasis.selenium1.SeleniumDemo1.TestAdvanceuserInteractionClick -->
