<?xml version="1.0" encoding="UTF-8"?>
<!-- Generated by org.testng.reporters.JUnitReportReporter -->
<testsuite hostname="DESKTOP-JEM0K0J" failures="0" tests="1" name="com.mphasis.selenium1.SeleniumDemo1.AssignemtTestDemo" time="46.109" errors="0" timestamp="2022-03-07T22:48:19 IST" skipped="0">
  <testcase classname="com.mphasis.selenium1.SeleniumDemo1.AssignemtTestDemo" name="testOpeningSelenuimHoverLink" time="46.109"/>
  <system-out/>
</testsuite> <!-- com.mphasis.selenium1.SeleniumDemo1.AssignemtTestDemo -->
