<?xml version="1.0" encoding="UTF-8"?>
<!-- Generated by org.testng.reporters.JUnitReportReporter -->
<testsuite hostname="DESKTOP-JEM0K0J" failures="0" tests="1" name="com.mphasis.selenium1.SeleniumDemo1.TestScreenShot" time="30.620" errors="0" timestamp="2022-03-06T00:39:28 IST" skipped="0">
  <testcase classname="com.mphasis.selenium1.SeleniumDemo1.TestScreenShot" name="shouldColorAfterHoverBeAsExpected" time="30.620"/>
  <system-out/>
</testsuite> <!-- com.mphasis.selenium1.SeleniumDemo1.TestScreenShot -->
