<?xml version="1.0" encoding="UTF-8"?>
<!-- Generated by org.testng.reporters.JUnitReportReporter -->
<testsuite hostname="DESKTOP-JEM0K0J" failures="0" tests="4" name="com.mphasis.selenium1.SeleniumDemo1.DataProviderDemo" time="0.016" errors="0" timestamp="2022-03-07T16:13:19 IST" skipped="0">
  <testcase classname="com.mphasis.selenium1.SeleniumDemo1.DataProviderDemo" name="validateLogin" time="0.010"/>
  <system-out/>
  <testcase classname="com.mphasis.selenium1.SeleniumDemo1.DataProviderDemo" name="validateLogin" time="0.001"/>
  <system-out/>
  <testcase classname="com.mphasis.selenium1.SeleniumDemo1.DataProviderDemo" name="validateLogin" time="0.002"/>
  <system-out/>
  <testcase classname="com.mphasis.selenium1.SeleniumDemo1.DataProviderDemo" name="validateLogin" time="0.003"/>
  <system-out/>
</testsuite> <!-- com.mphasis.selenium1.SeleniumDemo1.DataProviderDemo -->
