<?xml version="1.0" encoding="UTF-8"?>
<!-- Generated by org.testng.reporters.JUnitReportReporter -->
<testsuite hostname="DESKTOP-JEM0K0J" failures="0" tests="2" name="com.mphasis.selenium1.SeleniumDemo1.ReporterOutputDemo" time="0.018" errors="0" timestamp="2022-03-07T17:40:34 IST" skipped="0">
  <testcase classname="com.mphasis.selenium1.SeleniumDemo1.ReporterOutputDemo" name="testLoginDhouldBeSuccessful" time="0.015"/>
  <system-out>
Opening Login pages Login successful  </system-out>
  <testcase classname="com.mphasis.selenium1.SeleniumDemo1.ReporterOutputDemo" name="testRegistrationShouldBeSuccessful" time="0.003"/>
  <system-out>
Opening Registration page Registration successful  </system-out>
</testsuite> <!-- com.mphasis.selenium1.SeleniumDemo1.ReporterOutputDemo -->
