<?xml version="1.0" encoding="UTF-8"?>
<!-- Generated by org.testng.reporters.JUnitReportReporter -->
<testsuite hostname="DESKTOP-JEM0K0J" failures="0" tests="4" name="com.mphasis.selenium1.SeleniumDemo1.GroupsTestDemo2" time="0.022" errors="0" timestamp="2022-03-07T15:44:35 IST" skipped="0">
  <testcase classname="com.mphasis.selenium1.SeleniumDemo1.GroupsTestDemo2" name="a2" time="0.002"/>
  <system-out/>
  <testcase classname="com.mphasis.selenium1.SeleniumDemo1.GroupsTestDemo2" name="a1" time="0.003"/>
  <system-out/>
  <testcase classname="com.mphasis.selenium1.SeleniumDemo1.GroupsTestDemo2" name="a" time="0.014"/>
  <system-out/>
  <testcase classname="com.mphasis.selenium1.SeleniumDemo1.GroupsTestDemo2" name="b" time="0.003"/>
  <system-out/>
</testsuite> <!-- com.mphasis.selenium1.SeleniumDemo1.GroupsTestDemo2 -->
