<?xml version="1.0" encoding="UTF-8"?>
<!-- Generated by org.testng.reporters.JUnitReportReporter -->
<testsuite hostname="DESKTOP-JEM0K0J" failures="0" tests="2" name="com.mphasis.selenium1.SeleniumDemo1.PriorityTestDemo" time="0.015" errors="0" timestamp="2022-03-07T15:35:35 IST" skipped="1">
  <testcase classname="com.mphasis.selenium1.SeleniumDemo1.PriorityTestDemo" name="a" time="0.015"/>
  <system-out/>
  <testcase classname="com.mphasis.selenium1.SeleniumDemo1.PriorityTestDemo" name="b">
    <skipped/>
  </testcase> <!-- b -->
  <system-out/>
</testsuite> <!-- com.mphasis.selenium1.SeleniumDemo1.PriorityTestDemo -->
