<?xml version="1.0" encoding="UTF-8"?>
<!-- Generated by org.testng.reporters.JUnitReportReporter -->
<testsuite hostname="DESKTOP-JEM0K0J" failures="0" tests="1" name="com.mphasis.selenium1.SeleniumDemo1.TestWaitTimeOuts" time="82.209" errors="0" timestamp="2022-03-05T23:32:44 IST" skipped="0">
  <testcase classname="com.mphasis.selenium1.SeleniumDemo1.TestWaitTimeOuts" name="shouldTitleMatch" time="82.209"/>
  <system-out/>
</testsuite> <!-- com.mphasis.selenium1.SeleniumDemo1.TestWaitTimeOuts -->
