<?xml version="1.0" encoding="UTF-8"?>
<!-- Generated by org.testng.reporters.JUnitReportReporter -->
<testsuite hostname="DESKTOP-JEM0K0J" failures="0" tests="1" name="com.mphasis.selenium1.SeleniumDemo1.TestLocatorByDropDown" time="31.971" errors="0" timestamp="2022-03-03T20:36:30 IST" skipped="0">
  <testcase classname="com.mphasis.selenium1.SeleniumDemo1.TestLocatorByDropDown" name="testByLinkTextStrategy" time="31.971"/>
  <system-out/>
</testsuite> <!-- com.mphasis.selenium1.SeleniumDemo1.TestLocatorByDropDown -->
