<?xml version="1.0" encoding="UTF-8"?>
<!-- Generated by org.testng.reporters.JUnitReportReporter -->
<testsuite hostname="DESKTOP-JEM0K0J" failures="0" tests="1" name="com.mphasis.selenium1.SeleniumDemo1.TestTablesData" time="21.766" errors="0" timestamp="2022-03-05T23:42:35 IST" skipped="0">
  <testcase classname="com.mphasis.selenium1.SeleniumDemo1.TestTablesData" name="shouldTitleMatch" time="21.766"/>
  <system-out/>
</testsuite> <!-- com.mphasis.selenium1.SeleniumDemo1.TestTablesData -->
