<?xml version="1.0" encoding="UTF-8"?>
<!-- Generated by org.testng.reporters.JUnitReportReporter -->
<testsuite hostname="DESKTOP-JEM0K0J" failures="0" tests="1" name="com.mphasis.selenium1.SeleniumDemo1.TestSwitchingBetweenWindows" time="97.700" errors="0" timestamp="2022-03-05T23:35:22 IST" skipped="0">
  <testcase classname="com.mphasis.selenium1.SeleniumDemo1.TestSwitchingBetweenWindows" name="testByLinkTextStrategy" time="97.700"/>
  <system-out/>
</testsuite> <!-- com.mphasis.selenium1.SeleniumDemo1.TestSwitchingBetweenWindows -->
