<?xml version="1.0" encoding="UTF-8"?>
<!-- Generated by org.testng.reporters.JUnitReportReporter -->
<testsuite hostname="DESKTOP-JEM0K0J" failures="0" tests="1" name="com.mphasis.selenium1.SeleniumDemo1.TestLocatorByTagName" time="26.309" errors="0" timestamp="2022-03-03T15:18:06 IST" skipped="0">
  <testcase classname="com.mphasis.selenium1.SeleniumDemo1.TestLocatorByTagName" name="testByLinkTextStrategy" time="26.309"/>
  <system-out/>
</testsuite> <!-- com.mphasis.selenium1.SeleniumDemo1.TestLocatorByTagName -->
