<?xml version="1.0" encoding="UTF-8"?>
<!-- Generated by org.testng.reporters.JUnitReportReporter -->
<testsuite hostname="DESKTOP-JEM0K0J" failures="0" tests="1" name="com.mphasis.selenium1.SeleniumDemo1.TestLocatorStrategies" time="34.060" errors="0" timestamp="2022-03-02T17:40:43 IST" skipped="0">
  <testcase classname="com.mphasis.selenium1.SeleniumDemo1.TestLocatorStrategies" name="testFindById" time="34.060"/>
  <system-out/>
</testsuite> <!-- com.mphasis.selenium1.SeleniumDemo1.TestLocatorStrategies -->
